<?xml version="1.0" encoding="UTF-8"?>
<testng-results ignored="4" total="5" passed="1" failed="0" skipped="0">
  <reporter-output>
  </reporter-output>
  <suite started-at="2022-04-03T17:07:52Z" name="Default suite" finished-at="2022-04-03T17:07:58Z" duration-ms="5853">
    <groups>
    </groups>
    <test started-at="2022-04-03T17:07:52Z" name="Default test" finished-at="2022-04-03T17:07:58Z" duration-ms="5853">
      <class name="maven.project.ActionPractice">
        <test-method signature="amazon()[pri:0, instance:maven.project.ActionPractice@1f75a668]" started-at="2022-04-03T22:37:52Z" name="amazon" finished-at="2022-04-03T22:37:58Z" duration-ms="5840" status="PASS">
          <reporter-output>
          </reporter-output>
        </test-method> <!-- amazon -->
      </class> <!-- maven.project.ActionPractice -->
    </test> <!-- Default test -->
  </suite> <!-- Default suite -->
</testng-results>
