<?xml version="1.0" encoding="UTF-8"?>
<!-- Generated by org.testng.reporters.JUnitXMLReporter -->
<testsuite ignored="4" hostname="deepika-laptop" failures="0" tests="1" name="Default test" time="5.853" errors="0" timestamp="03 Apr 2022 17:07:58 GMT">
  <testcase classname="maven.project.ActionPractice" name="amazon" time="5.84"/>
  <testcase classname="maven.project.ActionPractice" name="draganddrop" time="0.0">
    <ignored/>
  </testcase> <!-- draganddrop -->
  <testcase classname="maven.project.ActionPractice" name="nestedframes" time="0.0">
    <ignored/>
  </testcase> <!-- nestedframes -->
  <testcase classname="maven.project.ActionPractice" name="option" time="0.0">
    <ignored/>
  </testcase> <!-- option -->
  <testcase classname="maven.project.ActionPractice" name="test1" time="0.0">
    <ignored/>
  </testcase> <!-- test1 -->
</testsuite> <!-- Default test -->
