<?xml version="1.0" encoding="UTF-8"?>
<testng-results ignored="0" total="3" passed="3" failed="0" skipped="0">
  <reporter-output>
  </reporter-output>
  <suite started-at="2022-02-21T09:56:45Z" name="Suite" finished-at="2022-02-21T09:56:45Z" duration-ms="21">
    <groups>
    </groups>
    <test started-at="2022-02-21T09:56:45Z" name="Test" finished-at="2022-02-21T09:56:45Z" duration-ms="21">
      <class name="maven.project.ParameterizationPractice2">
        <test-method signature="test1(java.lang.String, java.lang.String)[pri:0, instance:maven.project.ParameterizationPractice2@6986852]" started-at="2022-02-21T15:26:45Z" name="test1" finished-at="2022-02-21T15:26:45Z" duration-ms="4" status="PASS">
          <params>
            <param index="0">
              <value>
                <![CDATA[deedudd]]>
              </value>
            </param>
            <param index="1">
              <value>
                <![CDATA[something]]>
              </value>
            </param>
          </params>
          <reporter-output>
          </reporter-output>
        </test-method> <!-- test1 -->
        <test-method signature="test2(java.lang.String, java.lang.String)[pri:0, instance:maven.project.ParameterizationPractice2@6986852]" started-at="2022-02-21T15:26:45Z" name="test2" data-provider="getdata" finished-at="2022-02-21T15:26:45Z" duration-ms="1" status="PASS">
          <params>
            <param index="0">
              <value>
                <![CDATA[name2]]>
              </value>
            </param>
            <param index="1">
              <value>
                <![CDATA[password2]]>
              </value>
            </param>
          </params>
          <reporter-output>
          </reporter-output>
        </test-method> <!-- test2 -->
        <test-method signature="test2(java.lang.String, java.lang.String)[pri:0, instance:maven.project.ParameterizationPractice2@6986852]" started-at="2022-02-21T15:26:45Z" name="test2" data-provider="getdata" finished-at="2022-02-21T15:26:45Z" duration-ms="0" status="PASS">
          <params>
            <param index="0">
              <value>
                <![CDATA[name1]]>
              </value>
            </param>
            <param index="1">
              <value>
                <![CDATA[password1]]>
              </value>
            </param>
          </params>
          <reporter-output>
          </reporter-output>
        </test-method> <!-- test2 -->
      </class> <!-- maven.project.ParameterizationPractice2 -->
    </test> <!-- Test -->
  </suite> <!-- Suite -->
</testng-results>
