<?xml version="1.0" encoding="UTF-8"?>
<!-- Generated by org.testng.reporters.JUnitXMLReporter -->
<testsuite ignored="0" hostname="deepika-laptop" failures="0" tests="3" name="Test" time="0.021" errors="0" timestamp="21 Feb 2022 09:56:45 GMT">
  <testcase classname="maven.project.ParameterizationPractice2" name="test1" time="0.004"/>
  <testcase classname="maven.project.ParameterizationPractice2" name="test2" time="0.0"/>
  <testcase classname="maven.project.ParameterizationPractice2" name="test2" time="0.001"/>
</testsuite> <!-- Test -->
