<?xml version="1.0" encoding="UTF-8"?>
<!-- Generated by org.testng.reporters.JUnitXMLReporter -->
<testsuite ignored="0" hostname="deepika-laptop" failures="1" tests="3" name="Test" time="3.685" errors="0" timestamp="12 Mar 2022 16:31:05 GMT">
  <testcase classname="maven.project.EReports" name="para1" time="0.009"/>
  <testcase classname="maven.project.EReports" name="screenShot" time="0.003">
    <failure type="java.lang.NullPointerException">
      <![CDATA[java.lang.NullPointerException
	at maven.project.EReports.screenShot(EReports.java:42)
	at java.base/java.util.concurrent.ThreadPoolExecutor.runWorker(ThreadPoolExecutor.java:1128)
	at java.base/java.util.concurrent.ThreadPoolExecutor$Worker.run(ThreadPoolExecutor.java:628)
	at java.base/java.lang.Thread.run(Thread.java:834)
... Removed 10 stack frames]]>
    </failure>
  </testcase> <!-- screenShot -->
  <testcase classname="maven.project.EReports" name="test1" time="3.64"/>
</testsuite> <!-- Test -->
